<?xml version="1.0" encoding="UTF-8"?>
<testng-results ignored="0" total="1" passed="0" failed="1" skipped="0">
  <reporter-output>
  </reporter-output>
  <suite started-at="2026-03-08T02:13:44 ICT" name="TestSuite" finished-at="2026-03-08T02:13:44 ICT" duration-ms="65">
    <groups>
    </groups>
    <test started-at="2026-03-08T02:13:44 ICT" name="Login Test" finished-at="2026-03-08T02:13:44 ICT" duration-ms="65">
      <class name="dtm.tests.TC_DangNhapTest">
        <test-method signature="kiemThuDangNhap(java.lang.String,java.lang.String,java.lang.String,java.lang.String)[pri:0, instance:dtm.tests.TC_DangNhapTest@4562e04d]" started-at="2026-03-08T02:13:44 ICT" name="kiemThuDangNhap" description="Kiểm thử đăng nhập với nhiều bộ dữ liệu" finished-at="2026-03-08T02:13:44 ICT" duration-ms="0" status="FAIL">
          <exception class="org.testng.TestNGException">
            <message>
              <![CDATA[
Method public void dtm.tests.TC_DangNhapTest.kiemThuDangNhap(java.lang.String,java.lang.String,java.lang.String,java.lang.String) requires a @DataProvider named : du_lieu_dang_nhap in class dtm.data.DangNhapData]]>
            </message>
            <full-stacktrace>
              <![CDATA[org.testng.TestNGException: 
Method public void dtm.tests.TC_DangNhapTest.kiemThuDangNhap(java.lang.String,java.lang.String,java.lang.String,java.lang.String) requires a @DataProvider named : du_lieu_dang_nhap in class dtm.data.DangNhapData
at org.testng.internal.Parameters.findDataProvider(Parameters.java:535)
at org.testng.internal.Parameters.handleParameters(Parameters.java:772)
at org.testng.internal.Parameters.handleParameters(Parameters.java:737)
at org.testng.internal.invokers.ParameterHandler.handleParameters(ParameterHandler.java:72)
at org.testng.internal.invokers.ParameterHandler.createParameters(ParameterHandler.java:51)
at org.testng.internal.invokers.TestInvoker$MethodInvocationAgent.invoke(TestInvoker.java:915)
at org.testng.internal.invokers.TestInvoker.invokeTestMethods(TestInvoker.java:201)
at org.testng.internal.invokers.TestMethodWorker.invokeTestMethods(TestMethodWorker.java:148)
at org.testng.internal.invokers.TestMethodWorker.run(TestMethodWorker.java:128)
at java.base/java.util.ArrayList.forEach(ArrayList.java:1596)
at org.testng.TestRunner.privateRun(TestRunner.java:819)
at org.testng.TestRunner.run(TestRunner.java:619)
at org.testng.SuiteRunner.runTest(SuiteRunner.java:443)
at org.testng.SuiteRunner.runSequentially(SuiteRunner.java:437)
at org.testng.SuiteRunner.privateRun(SuiteRunner.java:397)
at org.testng.SuiteRunner.run(SuiteRunner.java:336)
at org.testng.SuiteRunnerWorker.runSuite(SuiteRunnerWorker.java:52)
at org.testng.SuiteRunnerWorker.run(SuiteRunnerWorker.java:95)
at org.testng.TestNG.runSuitesSequentially(TestNG.java:1301)
at org.testng.TestNG.runSuitesLocally(TestNG.java:1228)
at org.testng.TestNG.runSuites(TestNG.java:1134)
at org.testng.TestNG.run(TestNG.java:1101)
at org.testng.remote.AbstractRemoteTestNG.run(AbstractRemoteTestNG.java:115)
at org.testng.remote.RemoteTestNG.initAndRun(RemoteTestNG.java:293)
at org.testng.remote.RemoteTestNG.main(RemoteTestNG.java:91)
]]>
            </full-stacktrace>
          </exception> <!-- org.testng.TestNGException -->
          <reporter-output>
          </reporter-output>
        </test-method> <!-- kiemThuDangNhap -->
      </class> <!-- dtm.tests.TC_DangNhapTest -->
    </test> <!-- Login Test -->
  </suite> <!-- TestSuite -->
</testng-results>
