<?xml version="1.0" encoding="UTF-8"?>
<!-- Generated by org.testng.reporters.JUnitXMLReporter -->
<testsuite ignored="0" hostname="DESKTOP-RS21FI2" failures="1" tests="1" name="Login Test" time="0.065" errors="0" timestamp="2026-03-08T02:13:44 ICT">
  <testcase classname="dtm.tests.TC_DangNhapTest" name="kiemThuDangNhap" time="0.0">
    <failure type="org.testng.TestNGException" message="
Method public void dtm.tests.TC_DangNhapTest.kiemThuDangNhap(java.lang.String,java.lang.String,java.lang.String,java.lang.String) requires a @DataProvider named : du_lieu_dang_nhap in class dtm.data.DangNhapData">
      <![CDATA[org.testng.TestNGException: 
Method public void dtm.tests.TC_DangNhapTest.kiemThuDangNhap(java.lang.String,java.lang.String,java.lang.String,java.lang.String) requires a @DataProvider named : du_lieu_dang_nhap in class dtm.data.DangNhapData
at java.base/java.util.ArrayList.forEach(ArrayList.java:1596)
... Removed 24 stack frames]]>
    </failure>
  </testcase> <!-- kiemThuDangNhap -->
</testsuite> <!-- Login Test -->
